[
  {
    "line": 1,
    "elements": [
      {
        "before": [
          {
            "result": {
              "duration": 13269842968,
              "error_message": "org.openqa.selenium.WebDriverException: unknown error: cannot get automation extension\nfrom unknown error: page could not be found: chrome-extension://aapnijgdinlhnhlmodcfapnahmbfebeb/_generated_background_page.html\n  (Session info: chrome\u003d58.0.3029.110)\n  (Driver info: chromedriver\u003d2.25.426935 (820a95b0b81d33e42712f9198c215f703412e1a1),platform\u003dMac OS X 10.12.4 x86_64) (WARNING: The server did not provide any stacktrace information)\nCommand duration or timeout: 10.10 seconds\nBuild info: version: \u00273.4.0\u0027, revision: \u0027unknown\u0027, time: \u0027unknown\u0027\nSystem info: host: \u0027MacBook-Pro-3.local\u0027, ip: \u0027fe80:0:0:0:8f2:556b:fe17:c1b6%en0\u0027, os.name: \u0027Mac OS X\u0027, os.arch: \u0027x86_64\u0027, os.version: \u002710.12.4\u0027, java.version: \u00271.8.0_77\u0027\nDriver info: org.openqa.selenium.chrome.ChromeDriver\nCapabilities [{applicationCacheEnabled\u003dfalse, rotatable\u003dfalse, mobileEmulationEnabled\u003dfalse, networkConnectionEnabled\u003dfalse, chrome\u003d{chromedriverVersion\u003d2.25.426935 (820a95b0b81d33e42712f9198c215f703412e1a1), userDataDir\u003d/var/folders/hv/y1b0r4yx1ds45tq_wg6mw74m0000gn/T/.org.chromium.Chromium.cx0glo}, takesHeapSnapshot\u003dtrue, pageLoadStrategy\u003dnormal, databaseEnabled\u003dfalse, handlesAlerts\u003dtrue, hasTouchScreen\u003dfalse, version\u003d58.0.3029.110, platform\u003dMAC, browserConnectionEnabled\u003dfalse, nativeEvents\u003dtrue, acceptSslCerts\u003dtrue, locationContextEnabled\u003dtrue, webStorageEnabled\u003dtrue, browserName\u003dchrome, takesScreenshot\u003dtrue, javascriptEnabled\u003dtrue, cssSelectorsEnabled\u003dtrue}]\nSession ID: f4375d734eebc44a7544451fb69a02bf\n\tat sun.reflect.NativeConstructorAccessorImpl.newInstance0(Native Method)\n\tat sun.reflect.NativeConstructorAccessorImpl.newInstance(NativeConstructorAccessorImpl.java:62)\n\tat sun.reflect.DelegatingConstructorAccessorImpl.newInstance(DelegatingConstructorAccessorImpl.java:45)\n\tat java.lang.reflect.Constructor.newInstance(Constructor.java:423)\n\tat org.openqa.selenium.remote.ErrorHandler.createThrowable(ErrorHandler.java:215)\n\tat org.openqa.selenium.remote.ErrorHandler.throwIfResponseFailed(ErrorHandler.java:167)\n\tat org.openqa.selenium.remote.RemoteWebDriver.execute(RemoteWebDriver.java:671)\n\tat org.openqa.selenium.remote.RemoteWebDriver.execute(RemoteWebDriver.java:694)\n\tat org.openqa.selenium.remote.RemoteWebDriver$RemoteWebDriverOptions$RemoteWindow.maximize(RemoteWebDriver.java:925)\n\tat stepDefTest.valtechStepDefTest.prepare(valtechStepDefTest.java:31)\n\tat sun.reflect.NativeMethodAccessorImpl.invoke0(Native Method)\n\tat sun.reflect.NativeMethodAccessorImpl.invoke(NativeMethodAccessorImpl.java:62)\n\tat sun.reflect.DelegatingMethodAccessorImpl.invoke(DelegatingMethodAccessorImpl.java:43)\n\tat java.lang.reflect.Method.invoke(Method.java:498)\n\tat cucumber.runtime.Utils$1.call(Utils.java:37)\n\tat cucumber.runtime.Timeout.timeout(Timeout.java:13)\n\tat cucumber.runtime.Utils.invoke(Utils.java:31)\n\tat cucumber.runtime.java.JavaHookDefinition.execute(JavaHookDefinition.java:60)\n\tat cucumber.runtime.Runtime.runHookIfTagsMatch(Runtime.java:223)\n\tat cucumber.runtime.Runtime.runHooks(Runtime.java:211)\n\tat cucumber.runtime.Runtime.runBeforeHooks(Runtime.java:201)\n\tat cucumber.runtime.model.CucumberScenario.run(CucumberScenario.java:40)\n\tat cucumber.runtime.junit.ExecutionUnitRunner.run(ExecutionUnitRunner.java:91)\n\tat cucumber.runtime.junit.FeatureRunner.runChild(FeatureRunner.java:63)\n\tat cucumber.runtime.junit.FeatureRunner.runChild(FeatureRunner.java:18)\n\tat org.junit.runners.ParentRunner$3.run(ParentRunner.java:290)\n\tat org.junit.runners.ParentRunner$1.schedule(ParentRunner.java:71)\n\tat org.junit.runners.ParentRunner.runChildren(ParentRunner.java:288)\n\tat org.junit.runners.ParentRunner.access$000(ParentRunner.java:58)\n\tat org.junit.runners.ParentRunner$2.evaluate(ParentRunner.java:268)\n\tat org.junit.runners.ParentRunner.run(ParentRunner.java:363)\n\tat cucumber.runtime.junit.FeatureRunner.run(FeatureRunner.java:70)\n\tat cucumber.api.junit.Cucumber.runChild(Cucumber.java:93)\n\tat cucumber.api.junit.Cucumber.runChild(Cucumber.java:37)\n\tat org.junit.runners.ParentRunner$3.run(ParentRunner.java:290)\n\tat org.junit.runners.ParentRunner$1.schedule(ParentRunner.java:71)\n\tat org.junit.runners.ParentRunner.runChildren(ParentRunner.java:288)\n\tat org.junit.runners.ParentRunner.access$000(ParentRunner.java:58)\n\tat org.junit.runners.ParentRunner$2.evaluate(ParentRunner.java:268)\n\tat org.junit.runners.ParentRunner.run(ParentRunner.java:363)\n\tat cucumber.api.junit.Cucumber.run(Cucumber.java:98)\n\tat org.junit.runner.JUnitCore.run(JUnitCore.java:137)\n\tat com.intellij.junit4.JUnit4IdeaTestRunner.startRunnerWithArgs(JUnit4IdeaTestRunner.java:68)\n\tat com.intellij.rt.execution.junit.IdeaTestRunner$Repeater.startRunnerWithArgs(IdeaTestRunner.java:51)\n\tat com.intellij.rt.execution.junit.JUnitStarter.prepareStreamsAndStart(JUnitStarter.java:237)\n\tat com.intellij.rt.execution.junit.JUnitStarter.main(JUnitStarter.java:70)\n\tat sun.reflect.NativeMethodAccessorImpl.invoke0(Native Method)\n\tat sun.reflect.NativeMethodAccessorImpl.invoke(NativeMethodAccessorImpl.java:62)\n\tat sun.reflect.DelegatingMethodAccessorImpl.invoke(DelegatingMethodAccessorImpl.java:43)\n\tat java.lang.reflect.Method.invoke(Method.java:498)\n\tat com.intellij.rt.execution.application.AppMain.main(AppMain.java:147)\n",
              "status": "failed"
            },
            "match": {
              "location": "valtechStepDefTest.prepare()"
            }
          }
        ],
        "line": 6,
        "name": "Asserting that the latest news is displayed on the home page",
        "description": "",
        "id": "valtech-qa-assignment;asserting-that-the-latest-news-is-displayed-on-the-home-page",
        "after": [
          {
            "result": {
              "duration": 117585026,
              "status": "passed"
            },
            "match": {
              "location": "valtechStepDefTest.cleanUp()"
            }
          }
        ],
        "type": "scenario",
        "keyword": "Scenario",
        "steps": [
          {
            "result": {
              "status": "skipped"
            },
            "line": 7,
            "name": "I am on the valtech home page",
            "match": {
              "location": "valtechStepDefTest.i_am_on_the_valtech_home_page()"
            },
            "keyword": "Given "
          },
          {
            "result": {
              "status": "skipped"
            },
            "line": 8,
            "name": "I should see the latest news displayed",
            "match": {
              "location": "valtechStepDefTest.i_should_see_the_latest_news_displayed()"
            },
            "keyword": "Then "
          }
        ],
        "tags": [
          {
            "line": 5,
            "name": "@test"
          }
        ]
      },
      {
        "before": [
          {
            "result": {
              "duration": 11598907994,
              "error_message": "org.openqa.selenium.WebDriverException: unknown error: cannot get automation extension\nfrom unknown error: page could not be found: chrome-extension://aapnijgdinlhnhlmodcfapnahmbfebeb/_generated_background_page.html\n  (Session info: chrome\u003d58.0.3029.110)\n  (Driver info: chromedriver\u003d2.25.426935 (820a95b0b81d33e42712f9198c215f703412e1a1),platform\u003dMac OS X 10.12.4 x86_64) (WARNING: The server did not provide any stacktrace information)\nCommand duration or timeout: 10.06 seconds\nBuild info: version: \u00273.4.0\u0027, revision: \u0027unknown\u0027, time: \u0027unknown\u0027\nSystem info: host: \u0027MacBook-Pro-3.local\u0027, ip: \u0027fe80:0:0:0:8f2:556b:fe17:c1b6%en0\u0027, os.name: \u0027Mac OS X\u0027, os.arch: \u0027x86_64\u0027, os.version: \u002710.12.4\u0027, java.version: \u00271.8.0_77\u0027\nDriver info: org.openqa.selenium.chrome.ChromeDriver\nCapabilities [{applicationCacheEnabled\u003dfalse, rotatable\u003dfalse, mobileEmulationEnabled\u003dfalse, networkConnectionEnabled\u003dfalse, chrome\u003d{chromedriverVersion\u003d2.25.426935 (820a95b0b81d33e42712f9198c215f703412e1a1), userDataDir\u003d/var/folders/hv/y1b0r4yx1ds45tq_wg6mw74m0000gn/T/.org.chromium.Chromium.Ehj905}, takesHeapSnapshot\u003dtrue, pageLoadStrategy\u003dnormal, databaseEnabled\u003dfalse, handlesAlerts\u003dtrue, hasTouchScreen\u003dfalse, version\u003d58.0.3029.110, platform\u003dMAC, browserConnectionEnabled\u003dfalse, nativeEvents\u003dtrue, acceptSslCerts\u003dtrue, locationContextEnabled\u003dtrue, webStorageEnabled\u003dtrue, browserName\u003dchrome, takesScreenshot\u003dtrue, javascriptEnabled\u003dtrue, cssSelectorsEnabled\u003dtrue}]\nSession ID: b7b3cb0d5ce3e8f541fca67cce2997fd\n\tat sun.reflect.NativeConstructorAccessorImpl.newInstance0(Native Method)\n\tat sun.reflect.NativeConstructorAccessorImpl.newInstance(NativeConstructorAccessorImpl.java:62)\n\tat sun.reflect.DelegatingConstructorAccessorImpl.newInstance(DelegatingConstructorAccessorImpl.java:45)\n\tat java.lang.reflect.Constructor.newInstance(Constructor.java:423)\n\tat org.openqa.selenium.remote.ErrorHandler.createThrowable(ErrorHandler.java:215)\n\tat org.openqa.selenium.remote.ErrorHandler.throwIfResponseFailed(ErrorHandler.java:167)\n\tat org.openqa.selenium.remote.RemoteWebDriver.execute(RemoteWebDriver.java:671)\n\tat org.openqa.selenium.remote.RemoteWebDriver.execute(RemoteWebDriver.java:694)\n\tat org.openqa.selenium.remote.RemoteWebDriver$RemoteWebDriverOptions$RemoteWindow.maximize(RemoteWebDriver.java:925)\n\tat stepDefTest.valtechStepDefTest.prepare(valtechStepDefTest.java:31)\n\tat sun.reflect.NativeMethodAccessorImpl.invoke0(Native Method)\n\tat sun.reflect.NativeMethodAccessorImpl.invoke(NativeMethodAccessorImpl.java:62)\n\tat sun.reflect.DelegatingMethodAccessorImpl.invoke(DelegatingMethodAccessorImpl.java:43)\n\tat java.lang.reflect.Method.invoke(Method.java:498)\n\tat cucumber.runtime.Utils$1.call(Utils.java:37)\n\tat cucumber.runtime.Timeout.timeout(Timeout.java:13)\n\tat cucumber.runtime.Utils.invoke(Utils.java:31)\n\tat cucumber.runtime.java.JavaHookDefinition.execute(JavaHookDefinition.java:60)\n\tat cucumber.runtime.Runtime.runHookIfTagsMatch(Runtime.java:223)\n\tat cucumber.runtime.Runtime.runHooks(Runtime.java:211)\n\tat cucumber.runtime.Runtime.runBeforeHooks(Runtime.java:201)\n\tat cucumber.runtime.model.CucumberScenario.run(CucumberScenario.java:40)\n\tat cucumber.runtime.junit.ExecutionUnitRunner.run(ExecutionUnitRunner.java:91)\n\tat org.junit.runners.Suite.runChild(Suite.java:128)\n\tat org.junit.runners.Suite.runChild(Suite.java:27)\n\tat org.junit.runners.ParentRunner$3.run(ParentRunner.java:290)\n\tat org.junit.runners.ParentRunner$1.schedule(ParentRunner.java:71)\n\tat org.junit.runners.ParentRunner.runChildren(ParentRunner.java:288)\n\tat org.junit.runners.ParentRunner.access$000(ParentRunner.java:58)\n\tat org.junit.runners.ParentRunner$2.evaluate(ParentRunner.java:268)\n\tat org.junit.runners.ParentRunner.run(ParentRunner.java:363)\n\tat cucumber.runtime.junit.ExamplesRunner.run(ExamplesRunner.java:59)\n\tat org.junit.runners.Suite.runChild(Suite.java:128)\n\tat org.junit.runners.Suite.runChild(Suite.java:27)\n\tat org.junit.runners.ParentRunner$3.run(ParentRunner.java:290)\n\tat org.junit.runners.ParentRunner$1.schedule(ParentRunner.java:71)\n\tat org.junit.runners.ParentRunner.runChildren(ParentRunner.java:288)\n\tat org.junit.runners.ParentRunner.access$000(ParentRunner.java:58)\n\tat org.junit.runners.ParentRunner$2.evaluate(ParentRunner.java:268)\n\tat org.junit.runners.ParentRunner.run(ParentRunner.java:363)\n\tat cucumber.runtime.junit.ScenarioOutlineRunner.run(ScenarioOutlineRunner.java:53)\n\tat cucumber.runtime.junit.FeatureRunner.runChild(FeatureRunner.java:63)\n\tat cucumber.runtime.junit.FeatureRunner.runChild(FeatureRunner.java:18)\n\tat org.junit.runners.ParentRunner$3.run(ParentRunner.java:290)\n\tat org.junit.runners.ParentRunner$1.schedule(ParentRunner.java:71)\n\tat org.junit.runners.ParentRunner.runChildren(ParentRunner.java:288)\n\tat org.junit.runners.ParentRunner.access$000(ParentRunner.java:58)\n\tat org.junit.runners.ParentRunner$2.evaluate(ParentRunner.java:268)\n\tat org.junit.runners.ParentRunner.run(ParentRunner.java:363)\n\tat cucumber.runtime.junit.FeatureRunner.run(FeatureRunner.java:70)\n\tat cucumber.api.junit.Cucumber.runChild(Cucumber.java:93)\n\tat cucumber.api.junit.Cucumber.runChild(Cucumber.java:37)\n\tat org.junit.runners.ParentRunner$3.run(ParentRunner.java:290)\n\tat org.junit.runners.ParentRunner$1.schedule(ParentRunner.java:71)\n\tat org.junit.runners.ParentRunner.runChildren(ParentRunner.java:288)\n\tat org.junit.runners.ParentRunner.access$000(ParentRunner.java:58)\n\tat org.junit.runners.ParentRunner$2.evaluate(ParentRunner.java:268)\n\tat org.junit.runners.ParentRunner.run(ParentRunner.java:363)\n\tat cucumber.api.junit.Cucumber.run(Cucumber.java:98)\n\tat org.junit.runner.JUnitCore.run(JUnitCore.java:137)\n\tat com.intellij.junit4.JUnit4IdeaTestRunner.startRunnerWithArgs(JUnit4IdeaTestRunner.java:68)\n\tat com.intellij.rt.execution.junit.IdeaTestRunner$Repeater.startRunnerWithArgs(IdeaTestRunner.java:51)\n\tat com.intellij.rt.execution.junit.JUnitStarter.prepareStreamsAndStart(JUnitStarter.java:237)\n\tat com.intellij.rt.execution.junit.JUnitStarter.main(JUnitStarter.java:70)\n\tat sun.reflect.NativeMethodAccessorImpl.invoke0(Native Method)\n\tat sun.reflect.NativeMethodAccessorImpl.invoke(NativeMethodAccessorImpl.java:62)\n\tat sun.reflect.DelegatingMethodAccessorImpl.invoke(DelegatingMethodAccessorImpl.java:43)\n\tat java.lang.reflect.Method.invoke(Method.java:498)\n\tat com.intellij.rt.execution.application.AppMain.main(AppMain.java:147)\n",
              "status": "failed"
            },
            "match": {
              "location": "valtechStepDefTest.prepare()"
            }
          }
        ],
        "line": 16,
        "name": "Asserting H1 tags on various pages contains titles",
        "description": "",
        "id": "valtech-qa-assignment;asserting-h1-tags-on-various-pages-contains-titles;;2",
        "after": [
          {
            "result": {
              "duration": 102197574,
              "status": "passed"
            },
            "match": {
              "location": "valtechStepDefTest.cleanUp()"
            }
          }
        ],
        "type": "scenario",
        "keyword": "Scenario Outline",
        "steps": [
          {
            "result": {
              "status": "skipped"
            },
            "line": 11,
            "name": "I am on the valtech home page",
            "match": {
              "location": "valtechStepDefTest.i_am_on_the_valtech_home_page()"
            },
            "keyword": "Given "
          },
          {
            "result": {
              "status": "skipped"
            },
            "line": 12,
            "name": "I visit the page \"ABOUT\"",
            "match": {
              "arguments": [
                {
                  "val": "ABOUT",
                  "offset": 18
                }
              ],
              "location": "valtechStepDefTest.i_visit_the_page(String)"
            },
            "matchedColumns": [
              0
            ],
            "keyword": "When "
          },
          {
            "result": {
              "status": "skipped"
            },
            "line": 13,
            "name": "I should see the page name \"ABOUT\"",
            "match": {
              "arguments": [
                {
                  "val": "ABOUT",
                  "offset": 28
                }
              ],
              "location": "valtechStepDefTest.i_should_see_the_page_name(String)"
            },
            "matchedColumns": [
              0
            ],
            "keyword": "Then "
          }
        ],
        "tags": [
          {
            "line": 9,
            "name": "@test"
          }
        ]
      },
      {
        "before": [
          {
            "result": {
              "duration": 11507114325,
              "error_message": "org.openqa.selenium.WebDriverException: unknown error: cannot get automation extension\nfrom unknown error: page could not be found: chrome-extension://aapnijgdinlhnhlmodcfapnahmbfebeb/_generated_background_page.html\n  (Session info: chrome\u003d58.0.3029.110)\n  (Driver info: chromedriver\u003d2.25.426935 (820a95b0b81d33e42712f9198c215f703412e1a1),platform\u003dMac OS X 10.12.4 x86_64) (WARNING: The server did not provide any stacktrace information)\nCommand duration or timeout: 10.05 seconds\nBuild info: version: \u00273.4.0\u0027, revision: \u0027unknown\u0027, time: \u0027unknown\u0027\nSystem info: host: \u0027MacBook-Pro-3.local\u0027, ip: \u0027fe80:0:0:0:8f2:556b:fe17:c1b6%en0\u0027, os.name: \u0027Mac OS X\u0027, os.arch: \u0027x86_64\u0027, os.version: \u002710.12.4\u0027, java.version: \u00271.8.0_77\u0027\nDriver info: org.openqa.selenium.chrome.ChromeDriver\nCapabilities [{applicationCacheEnabled\u003dfalse, rotatable\u003dfalse, mobileEmulationEnabled\u003dfalse, networkConnectionEnabled\u003dfalse, chrome\u003d{chromedriverVersion\u003d2.25.426935 (820a95b0b81d33e42712f9198c215f703412e1a1), userDataDir\u003d/var/folders/hv/y1b0r4yx1ds45tq_wg6mw74m0000gn/T/.org.chromium.Chromium.wG279W}, takesHeapSnapshot\u003dtrue, pageLoadStrategy\u003dnormal, databaseEnabled\u003dfalse, handlesAlerts\u003dtrue, hasTouchScreen\u003dfalse, version\u003d58.0.3029.110, platform\u003dMAC, browserConnectionEnabled\u003dfalse, nativeEvents\u003dtrue, acceptSslCerts\u003dtrue, locationContextEnabled\u003dtrue, webStorageEnabled\u003dtrue, browserName\u003dchrome, takesScreenshot\u003dtrue, javascriptEnabled\u003dtrue, cssSelectorsEnabled\u003dtrue}]\nSession ID: 48a4e41768908968cb7292f804679028\n\tat sun.reflect.NativeConstructorAccessorImpl.newInstance0(Native Method)\n\tat sun.reflect.NativeConstructorAccessorImpl.newInstance(NativeConstructorAccessorImpl.java:62)\n\tat sun.reflect.DelegatingConstructorAccessorImpl.newInstance(DelegatingConstructorAccessorImpl.java:45)\n\tat java.lang.reflect.Constructor.newInstance(Constructor.java:423)\n\tat org.openqa.selenium.remote.ErrorHandler.createThrowable(ErrorHandler.java:215)\n\tat org.openqa.selenium.remote.ErrorHandler.throwIfResponseFailed(ErrorHandler.java:167)\n\tat org.openqa.selenium.remote.RemoteWebDriver.execute(RemoteWebDriver.java:671)\n\tat org.openqa.selenium.remote.RemoteWebDriver.execute(RemoteWebDriver.java:694)\n\tat org.openqa.selenium.remote.RemoteWebDriver$RemoteWebDriverOptions$RemoteWindow.maximize(RemoteWebDriver.java:925)\n\tat stepDefTest.valtechStepDefTest.prepare(valtechStepDefTest.java:31)\n\tat sun.reflect.NativeMethodAccessorImpl.invoke0(Native Method)\n\tat sun.reflect.NativeMethodAccessorImpl.invoke(NativeMethodAccessorImpl.java:62)\n\tat sun.reflect.DelegatingMethodAccessorImpl.invoke(DelegatingMethodAccessorImpl.java:43)\n\tat java.lang.reflect.Method.invoke(Method.java:498)\n\tat cucumber.runtime.Utils$1.call(Utils.java:37)\n\tat cucumber.runtime.Timeout.timeout(Timeout.java:13)\n\tat cucumber.runtime.Utils.invoke(Utils.java:31)\n\tat cucumber.runtime.java.JavaHookDefinition.execute(JavaHookDefinition.java:60)\n\tat cucumber.runtime.Runtime.runHookIfTagsMatch(Runtime.java:223)\n\tat cucumber.runtime.Runtime.runHooks(Runtime.java:211)\n\tat cucumber.runtime.Runtime.runBeforeHooks(Runtime.java:201)\n\tat cucumber.runtime.model.CucumberScenario.run(CucumberScenario.java:40)\n\tat cucumber.runtime.junit.ExecutionUnitRunner.run(ExecutionUnitRunner.java:91)\n\tat org.junit.runners.Suite.runChild(Suite.java:128)\n\tat org.junit.runners.Suite.runChild(Suite.java:27)\n\tat org.junit.runners.ParentRunner$3.run(ParentRunner.java:290)\n\tat org.junit.runners.ParentRunner$1.schedule(ParentRunner.java:71)\n\tat org.junit.runners.ParentRunner.runChildren(ParentRunner.java:288)\n\tat org.junit.runners.ParentRunner.access$000(ParentRunner.java:58)\n\tat org.junit.runners.ParentRunner$2.evaluate(ParentRunner.java:268)\n\tat org.junit.runners.ParentRunner.run(ParentRunner.java:363)\n\tat cucumber.runtime.junit.ExamplesRunner.run(ExamplesRunner.java:59)\n\tat org.junit.runners.Suite.runChild(Suite.java:128)\n\tat org.junit.runners.Suite.runChild(Suite.java:27)\n\tat org.junit.runners.ParentRunner$3.run(ParentRunner.java:290)\n\tat org.junit.runners.ParentRunner$1.schedule(ParentRunner.java:71)\n\tat org.junit.runners.ParentRunner.runChildren(ParentRunner.java:288)\n\tat org.junit.runners.ParentRunner.access$000(ParentRunner.java:58)\n\tat org.junit.runners.ParentRunner$2.evaluate(ParentRunner.java:268)\n\tat org.junit.runners.ParentRunner.run(ParentRunner.java:363)\n\tat cucumber.runtime.junit.ScenarioOutlineRunner.run(ScenarioOutlineRunner.java:53)\n\tat cucumber.runtime.junit.FeatureRunner.runChild(FeatureRunner.java:63)\n\tat cucumber.runtime.junit.FeatureRunner.runChild(FeatureRunner.java:18)\n\tat org.junit.runners.ParentRunner$3.run(ParentRunner.java:290)\n\tat org.junit.runners.ParentRunner$1.schedule(ParentRunner.java:71)\n\tat org.junit.runners.ParentRunner.runChildren(ParentRunner.java:288)\n\tat org.junit.runners.ParentRunner.access$000(ParentRunner.java:58)\n\tat org.junit.runners.ParentRunner$2.evaluate(ParentRunner.java:268)\n\tat org.junit.runners.ParentRunner.run(ParentRunner.java:363)\n\tat cucumber.runtime.junit.FeatureRunner.run(FeatureRunner.java:70)\n\tat cucumber.api.junit.Cucumber.runChild(Cucumber.java:93)\n\tat cucumber.api.junit.Cucumber.runChild(Cucumber.java:37)\n\tat org.junit.runners.ParentRunner$3.run(ParentRunner.java:290)\n\tat org.junit.runners.ParentRunner$1.schedule(ParentRunner.java:71)\n\tat org.junit.runners.ParentRunner.runChildren(ParentRunner.java:288)\n\tat org.junit.runners.ParentRunner.access$000(ParentRunner.java:58)\n\tat org.junit.runners.ParentRunner$2.evaluate(ParentRunner.java:268)\n\tat org.junit.runners.ParentRunner.run(ParentRunner.java:363)\n\tat cucumber.api.junit.Cucumber.run(Cucumber.java:98)\n\tat org.junit.runner.JUnitCore.run(JUnitCore.java:137)\n\tat com.intellij.junit4.JUnit4IdeaTestRunner.startRunnerWithArgs(JUnit4IdeaTestRunner.java:68)\n\tat com.intellij.rt.execution.junit.IdeaTestRunner$Repeater.startRunnerWithArgs(IdeaTestRunner.java:51)\n\tat com.intellij.rt.execution.junit.JUnitStarter.prepareStreamsAndStart(JUnitStarter.java:237)\n\tat com.intellij.rt.execution.junit.JUnitStarter.main(JUnitStarter.java:70)\n\tat sun.reflect.NativeMethodAccessorImpl.invoke0(Native Method)\n\tat sun.reflect.NativeMethodAccessorImpl.invoke(NativeMethodAccessorImpl.java:62)\n\tat sun.reflect.DelegatingMethodAccessorImpl.invoke(DelegatingMethodAccessorImpl.java:43)\n\tat java.lang.reflect.Method.invoke(Method.java:498)\n\tat com.intellij.rt.execution.application.AppMain.main(AppMain.java:147)\n",
              "status": "failed"
            },
            "match": {
              "location": "valtechStepDefTest.prepare()"
            }
          }
        ],
        "line": 17,
        "name": "Asserting H1 tags on various pages contains titles",
        "description": "",
        "id": "valtech-qa-assignment;asserting-h1-tags-on-various-pages-contains-titles;;3",
        "after": [
          {
            "result": {
              "duration": 120258857,
              "status": "passed"
            },
            "match": {
              "location": "valtechStepDefTest.cleanUp()"
            }
          }
        ],
        "type": "scenario",
        "keyword": "Scenario Outline",
        "steps": [
          {
            "result": {
              "status": "skipped"
            },
            "line": 11,
            "name": "I am on the valtech home page",
            "match": {
              "location": "valtechStepDefTest.i_am_on_the_valtech_home_page()"
            },
            "keyword": "Given "
          },
          {
            "result": {
              "status": "skipped"
            },
            "line": 12,
            "name": "I visit the page \"SERVICES\"",
            "match": {
              "arguments": [
                {
                  "val": "SERVICES",
                  "offset": 18
                }
              ],
              "location": "valtechStepDefTest.i_visit_the_page(String)"
            },
            "matchedColumns": [
              0
            ],
            "keyword": "When "
          },
          {
            "result": {
              "status": "skipped"
            },
            "line": 13,
            "name": "I should see the page name \"SERVICES\"",
            "match": {
              "arguments": [
                {
                  "val": "SERVICES",
                  "offset": 28
                }
              ],
              "location": "valtechStepDefTest.i_should_see_the_page_name(String)"
            },
            "matchedColumns": [
              0
            ],
            "keyword": "Then "
          }
        ],
        "tags": [
          {
            "line": 9,
            "name": "@test"
          }
        ]
      },
      {
        "before": [
          {
            "result": {
              "duration": 11332089042,
              "error_message": "org.openqa.selenium.WebDriverException: unknown error: cannot get automation extension\nfrom unknown error: page could not be found: chrome-extension://aapnijgdinlhnhlmodcfapnahmbfebeb/_generated_background_page.html\n  (Session info: chrome\u003d58.0.3029.110)\n  (Driver info: chromedriver\u003d2.25.426935 (820a95b0b81d33e42712f9198c215f703412e1a1),platform\u003dMac OS X 10.12.4 x86_64) (WARNING: The server did not provide any stacktrace information)\nCommand duration or timeout: 10.08 seconds\nBuild info: version: \u00273.4.0\u0027, revision: \u0027unknown\u0027, time: \u0027unknown\u0027\nSystem info: host: \u0027MacBook-Pro-3.local\u0027, ip: \u0027fe80:0:0:0:8f2:556b:fe17:c1b6%en0\u0027, os.name: \u0027Mac OS X\u0027, os.arch: \u0027x86_64\u0027, os.version: \u002710.12.4\u0027, java.version: \u00271.8.0_77\u0027\nDriver info: org.openqa.selenium.chrome.ChromeDriver\nCapabilities [{applicationCacheEnabled\u003dfalse, rotatable\u003dfalse, mobileEmulationEnabled\u003dfalse, networkConnectionEnabled\u003dfalse, chrome\u003d{chromedriverVersion\u003d2.25.426935 (820a95b0b81d33e42712f9198c215f703412e1a1), userDataDir\u003d/var/folders/hv/y1b0r4yx1ds45tq_wg6mw74m0000gn/T/.org.chromium.Chromium.SWyJrd}, takesHeapSnapshot\u003dtrue, pageLoadStrategy\u003dnormal, databaseEnabled\u003dfalse, handlesAlerts\u003dtrue, hasTouchScreen\u003dfalse, version\u003d58.0.3029.110, platform\u003dMAC, browserConnectionEnabled\u003dfalse, nativeEvents\u003dtrue, acceptSslCerts\u003dtrue, locationContextEnabled\u003dtrue, webStorageEnabled\u003dtrue, browserName\u003dchrome, takesScreenshot\u003dtrue, javascriptEnabled\u003dtrue, cssSelectorsEnabled\u003dtrue}]\nSession ID: 21a5f4687324e85f597c1e46f906915d\n\tat sun.reflect.NativeConstructorAccessorImpl.newInstance0(Native Method)\n\tat sun.reflect.NativeConstructorAccessorImpl.newInstance(NativeConstructorAccessorImpl.java:62)\n\tat sun.reflect.DelegatingConstructorAccessorImpl.newInstance(DelegatingConstructorAccessorImpl.java:45)\n\tat java.lang.reflect.Constructor.newInstance(Constructor.java:423)\n\tat org.openqa.selenium.remote.ErrorHandler.createThrowable(ErrorHandler.java:215)\n\tat org.openqa.selenium.remote.ErrorHandler.throwIfResponseFailed(ErrorHandler.java:167)\n\tat org.openqa.selenium.remote.RemoteWebDriver.execute(RemoteWebDriver.java:671)\n\tat org.openqa.selenium.remote.RemoteWebDriver.execute(RemoteWebDriver.java:694)\n\tat org.openqa.selenium.remote.RemoteWebDriver$RemoteWebDriverOptions$RemoteWindow.maximize(RemoteWebDriver.java:925)\n\tat stepDefTest.valtechStepDefTest.prepare(valtechStepDefTest.java:31)\n\tat sun.reflect.NativeMethodAccessorImpl.invoke0(Native Method)\n\tat sun.reflect.NativeMethodAccessorImpl.invoke(NativeMethodAccessorImpl.java:62)\n\tat sun.reflect.DelegatingMethodAccessorImpl.invoke(DelegatingMethodAccessorImpl.java:43)\n\tat java.lang.reflect.Method.invoke(Method.java:498)\n\tat cucumber.runtime.Utils$1.call(Utils.java:37)\n\tat cucumber.runtime.Timeout.timeout(Timeout.java:13)\n\tat cucumber.runtime.Utils.invoke(Utils.java:31)\n\tat cucumber.runtime.java.JavaHookDefinition.execute(JavaHookDefinition.java:60)\n\tat cucumber.runtime.Runtime.runHookIfTagsMatch(Runtime.java:223)\n\tat cucumber.runtime.Runtime.runHooks(Runtime.java:211)\n\tat cucumber.runtime.Runtime.runBeforeHooks(Runtime.java:201)\n\tat cucumber.runtime.model.CucumberScenario.run(CucumberScenario.java:40)\n\tat cucumber.runtime.junit.ExecutionUnitRunner.run(ExecutionUnitRunner.java:91)\n\tat org.junit.runners.Suite.runChild(Suite.java:128)\n\tat org.junit.runners.Suite.runChild(Suite.java:27)\n\tat org.junit.runners.ParentRunner$3.run(ParentRunner.java:290)\n\tat org.junit.runners.ParentRunner$1.schedule(ParentRunner.java:71)\n\tat org.junit.runners.ParentRunner.runChildren(ParentRunner.java:288)\n\tat org.junit.runners.ParentRunner.access$000(ParentRunner.java:58)\n\tat org.junit.runners.ParentRunner$2.evaluate(ParentRunner.java:268)\n\tat org.junit.runners.ParentRunner.run(ParentRunner.java:363)\n\tat cucumber.runtime.junit.ExamplesRunner.run(ExamplesRunner.java:59)\n\tat org.junit.runners.Suite.runChild(Suite.java:128)\n\tat org.junit.runners.Suite.runChild(Suite.java:27)\n\tat org.junit.runners.ParentRunner$3.run(ParentRunner.java:290)\n\tat org.junit.runners.ParentRunner$1.schedule(ParentRunner.java:71)\n\tat org.junit.runners.ParentRunner.runChildren(ParentRunner.java:288)\n\tat org.junit.runners.ParentRunner.access$000(ParentRunner.java:58)\n\tat org.junit.runners.ParentRunner$2.evaluate(ParentRunner.java:268)\n\tat org.junit.runners.ParentRunner.run(ParentRunner.java:363)\n\tat cucumber.runtime.junit.ScenarioOutlineRunner.run(ScenarioOutlineRunner.java:53)\n\tat cucumber.runtime.junit.FeatureRunner.runChild(FeatureRunner.java:63)\n\tat cucumber.runtime.junit.FeatureRunner.runChild(FeatureRunner.java:18)\n\tat org.junit.runners.ParentRunner$3.run(ParentRunner.java:290)\n\tat org.junit.runners.ParentRunner$1.schedule(ParentRunner.java:71)\n\tat org.junit.runners.ParentRunner.runChildren(ParentRunner.java:288)\n\tat org.junit.runners.ParentRunner.access$000(ParentRunner.java:58)\n\tat org.junit.runners.ParentRunner$2.evaluate(ParentRunner.java:268)\n\tat org.junit.runners.ParentRunner.run(ParentRunner.java:363)\n\tat cucumber.runtime.junit.FeatureRunner.run(FeatureRunner.java:70)\n\tat cucumber.api.junit.Cucumber.runChild(Cucumber.java:93)\n\tat cucumber.api.junit.Cucumber.runChild(Cucumber.java:37)\n\tat org.junit.runners.ParentRunner$3.run(ParentRunner.java:290)\n\tat org.junit.runners.ParentRunner$1.schedule(ParentRunner.java:71)\n\tat org.junit.runners.ParentRunner.runChildren(ParentRunner.java:288)\n\tat org.junit.runners.ParentRunner.access$000(ParentRunner.java:58)\n\tat org.junit.runners.ParentRunner$2.evaluate(ParentRunner.java:268)\n\tat org.junit.runners.ParentRunner.run(ParentRunner.java:363)\n\tat cucumber.api.junit.Cucumber.run(Cucumber.java:98)\n\tat org.junit.runner.JUnitCore.run(JUnitCore.java:137)\n\tat com.intellij.junit4.JUnit4IdeaTestRunner.startRunnerWithArgs(JUnit4IdeaTestRunner.java:68)\n\tat com.intellij.rt.execution.junit.IdeaTestRunner$Repeater.startRunnerWithArgs(IdeaTestRunner.java:51)\n\tat com.intellij.rt.execution.junit.JUnitStarter.prepareStreamsAndStart(JUnitStarter.java:237)\n\tat com.intellij.rt.execution.junit.JUnitStarter.main(JUnitStarter.java:70)\n\tat sun.reflect.NativeMethodAccessorImpl.invoke0(Native Method)\n\tat sun.reflect.NativeMethodAccessorImpl.invoke(NativeMethodAccessorImpl.java:62)\n\tat sun.reflect.DelegatingMethodAccessorImpl.invoke(DelegatingMethodAccessorImpl.java:43)\n\tat java.lang.reflect.Method.invoke(Method.java:498)\n\tat com.intellij.rt.execution.application.AppMain.main(AppMain.java:147)\n",
              "status": "failed"
            },
            "match": {
              "location": "valtechStepDefTest.prepare()"
            }
          }
        ],
        "line": 18,
        "name": "Asserting H1 tags on various pages contains titles",
        "description": "",
        "id": "valtech-qa-assignment;asserting-h1-tags-on-various-pages-contains-titles;;4",
        "after": [
          {
            "result": {
              "duration": 125605168,
              "status": "passed"
            },
            "match": {
              "location": "valtechStepDefTest.cleanUp()"
            }
          }
        ],
        "type": "scenario",
        "keyword": "Scenario Outline",
        "steps": [
          {
            "result": {
              "status": "skipped"
            },
            "line": 11,
            "name": "I am on the valtech home page",
            "match": {
              "location": "valtechStepDefTest.i_am_on_the_valtech_home_page()"
            },
            "keyword": "Given "
          },
          {
            "result": {
              "status": "skipped"
            },
            "line": 12,
            "name": "I visit the page \"WORK\"",
            "match": {
              "arguments": [
                {
                  "val": "WORK",
                  "offset": 18
                }
              ],
              "location": "valtechStepDefTest.i_visit_the_page(String)"
            },
            "matchedColumns": [
              0
            ],
            "keyword": "When "
          },
          {
            "result": {
              "status": "skipped"
            },
            "line": 13,
            "name": "I should see the page name \"WORK\"",
            "match": {
              "arguments": [
                {
                  "val": "WORK",
                  "offset": 28
                }
              ],
              "location": "valtechStepDefTest.i_should_see_the_page_name(String)"
            },
            "matchedColumns": [
              0
            ],
            "keyword": "Then "
          }
        ],
        "tags": [
          {
            "line": 9,
            "name": "@test"
          }
        ]
      },
      {
        "before": [
          {
            "result": {
              "duration": 13139403584,
              "error_message": "org.openqa.selenium.WebDriverException: unknown error: cannot get automation extension\nfrom unknown error: page could not be found: chrome-extension://aapnijgdinlhnhlmodcfapnahmbfebeb/_generated_background_page.html\n  (Session info: chrome\u003d58.0.3029.110)\n  (Driver info: chromedriver\u003d2.25.426935 (820a95b0b81d33e42712f9198c215f703412e1a1),platform\u003dMac OS X 10.12.4 x86_64) (WARNING: The server did not provide any stacktrace information)\nCommand duration or timeout: 10.01 seconds\nBuild info: version: \u00273.4.0\u0027, revision: \u0027unknown\u0027, time: \u0027unknown\u0027\nSystem info: host: \u0027MacBook-Pro-3.local\u0027, ip: \u0027fe80:0:0:0:8f2:556b:fe17:c1b6%en0\u0027, os.name: \u0027Mac OS X\u0027, os.arch: \u0027x86_64\u0027, os.version: \u002710.12.4\u0027, java.version: \u00271.8.0_77\u0027\nDriver info: org.openqa.selenium.chrome.ChromeDriver\nCapabilities [{applicationCacheEnabled\u003dfalse, rotatable\u003dfalse, mobileEmulationEnabled\u003dfalse, networkConnectionEnabled\u003dfalse, chrome\u003d{chromedriverVersion\u003d2.25.426935 (820a95b0b81d33e42712f9198c215f703412e1a1), userDataDir\u003d/var/folders/hv/y1b0r4yx1ds45tq_wg6mw74m0000gn/T/.org.chromium.Chromium.Gwsaa7}, takesHeapSnapshot\u003dtrue, pageLoadStrategy\u003dnormal, databaseEnabled\u003dfalse, handlesAlerts\u003dtrue, hasTouchScreen\u003dfalse, version\u003d58.0.3029.110, platform\u003dMAC, browserConnectionEnabled\u003dfalse, nativeEvents\u003dtrue, acceptSslCerts\u003dtrue, locationContextEnabled\u003dtrue, webStorageEnabled\u003dtrue, browserName\u003dchrome, takesScreenshot\u003dtrue, javascriptEnabled\u003dtrue, cssSelectorsEnabled\u003dtrue}]\nSession ID: 5bfb0372f2516bb72a5e7f1e39eee2cc\n\tat sun.reflect.NativeConstructorAccessorImpl.newInstance0(Native Method)\n\tat sun.reflect.NativeConstructorAccessorImpl.newInstance(NativeConstructorAccessorImpl.java:62)\n\tat sun.reflect.DelegatingConstructorAccessorImpl.newInstance(DelegatingConstructorAccessorImpl.java:45)\n\tat java.lang.reflect.Constructor.newInstance(Constructor.java:423)\n\tat org.openqa.selenium.remote.ErrorHandler.createThrowable(ErrorHandler.java:215)\n\tat org.openqa.selenium.remote.ErrorHandler.throwIfResponseFailed(ErrorHandler.java:167)\n\tat org.openqa.selenium.remote.RemoteWebDriver.execute(RemoteWebDriver.java:671)\n\tat org.openqa.selenium.remote.RemoteWebDriver.execute(RemoteWebDriver.java:694)\n\tat org.openqa.selenium.remote.RemoteWebDriver$RemoteWebDriverOptions$RemoteWindow.maximize(RemoteWebDriver.java:925)\n\tat stepDefTest.valtechStepDefTest.prepare(valtechStepDefTest.java:31)\n\tat sun.reflect.NativeMethodAccessorImpl.invoke0(Native Method)\n\tat sun.reflect.NativeMethodAccessorImpl.invoke(NativeMethodAccessorImpl.java:62)\n\tat sun.reflect.DelegatingMethodAccessorImpl.invoke(DelegatingMethodAccessorImpl.java:43)\n\tat java.lang.reflect.Method.invoke(Method.java:498)\n\tat cucumber.runtime.Utils$1.call(Utils.java:37)\n\tat cucumber.runtime.Timeout.timeout(Timeout.java:13)\n\tat cucumber.runtime.Utils.invoke(Utils.java:31)\n\tat cucumber.runtime.java.JavaHookDefinition.execute(JavaHookDefinition.java:60)\n\tat cucumber.runtime.Runtime.runHookIfTagsMatch(Runtime.java:223)\n\tat cucumber.runtime.Runtime.runHooks(Runtime.java:211)\n\tat cucumber.runtime.Runtime.runBeforeHooks(Runtime.java:201)\n\tat cucumber.runtime.model.CucumberScenario.run(CucumberScenario.java:40)\n\tat cucumber.runtime.junit.ExecutionUnitRunner.run(ExecutionUnitRunner.java:91)\n\tat cucumber.runtime.junit.FeatureRunner.runChild(FeatureRunner.java:63)\n\tat cucumber.runtime.junit.FeatureRunner.runChild(FeatureRunner.java:18)\n\tat org.junit.runners.ParentRunner$3.run(ParentRunner.java:290)\n\tat org.junit.runners.ParentRunner$1.schedule(ParentRunner.java:71)\n\tat org.junit.runners.ParentRunner.runChildren(ParentRunner.java:288)\n\tat org.junit.runners.ParentRunner.access$000(ParentRunner.java:58)\n\tat org.junit.runners.ParentRunner$2.evaluate(ParentRunner.java:268)\n\tat org.junit.runners.ParentRunner.run(ParentRunner.java:363)\n\tat cucumber.runtime.junit.FeatureRunner.run(FeatureRunner.java:70)\n\tat cucumber.api.junit.Cucumber.runChild(Cucumber.java:93)\n\tat cucumber.api.junit.Cucumber.runChild(Cucumber.java:37)\n\tat org.junit.runners.ParentRunner$3.run(ParentRunner.java:290)\n\tat org.junit.runners.ParentRunner$1.schedule(ParentRunner.java:71)\n\tat org.junit.runners.ParentRunner.runChildren(ParentRunner.java:288)\n\tat org.junit.runners.ParentRunner.access$000(ParentRunner.java:58)\n\tat org.junit.runners.ParentRunner$2.evaluate(ParentRunner.java:268)\n\tat org.junit.runners.ParentRunner.run(ParentRunner.java:363)\n\tat cucumber.api.junit.Cucumber.run(Cucumber.java:98)\n\tat org.junit.runner.JUnitCore.run(JUnitCore.java:137)\n\tat com.intellij.junit4.JUnit4IdeaTestRunner.startRunnerWithArgs(JUnit4IdeaTestRunner.java:68)\n\tat com.intellij.rt.execution.junit.IdeaTestRunner$Repeater.startRunnerWithArgs(IdeaTestRunner.java:51)\n\tat com.intellij.rt.execution.junit.JUnitStarter.prepareStreamsAndStart(JUnitStarter.java:237)\n\tat com.intellij.rt.execution.junit.JUnitStarter.main(JUnitStarter.java:70)\n\tat sun.reflect.NativeMethodAccessorImpl.invoke0(Native Method)\n\tat sun.reflect.NativeMethodAccessorImpl.invoke(NativeMethodAccessorImpl.java:62)\n\tat sun.reflect.DelegatingMethodAccessorImpl.invoke(DelegatingMethodAccessorImpl.java:43)\n\tat java.lang.reflect.Method.invoke(Method.java:498)\n\tat com.intellij.rt.execution.application.AppMain.main(AppMain.java:147)\n",
              "status": "failed"
            },
            "match": {
              "location": "valtechStepDefTest.prepare()"
            }
          }
        ],
        "line": 20,
        "name": "Outputing the total number of valtech offices",
        "description": "",
        "id": "valtech-qa-assignment;outputing-the-total-number-of-valtech-offices",
        "after": [
          {
            "result": {
              "duration": 151815884,
              "status": "passed"
            },
            "match": {
              "location": "valtechStepDefTest.cleanUp()"
            }
          }
        ],
        "type": "scenario",
        "keyword": "Scenario",
        "steps": [
          {
            "result": {
              "status": "skipped"
            },
            "line": 21,
            "name": "I am on the valtech home page",
            "match": {
              "location": "valtechStepDefTest.i_am_on_the_valtech_home_page()"
            },
            "keyword": "Given "
          },
          {
            "result": {
              "status": "skipped"
            },
            "line": 22,
            "name": "I navigate to the contact page",
            "match": {
              "location": "valtechStepDefTest.i_navigate_to_the_contact_page()"
            },
            "keyword": "When "
          },
          {
            "result": {
              "status": "skipped"
            },
            "line": 23,
            "name": "I should see the total number of valtech offices",
            "match": {
              "location": "valtechStepDefTest.i_should_see_the_total_number_of_valtech_offices()"
            },
            "keyword": "Then "
          }
        ],
        "tags": [
          {
            "line": 19,
            "name": "@test"
          }
        ]
      }
    ],
    "name": "valtech QA assignment",
    "description": "As a QA tester\n  I want to be able to navigate to the homepage\n  So that i can do some assertions",
    "id": "valtech-qa-assignment",
    "keyword": "Feature",
    "uri": "valtechTest.feature"
  }
]